  [1m[36m (29.5ms)[0m  [1mCREATE TABLE "schema_migrations" ("version" character varying NOT NULL) [0m
  [1m[35m (12.5ms)[0m  CREATE UNIQUE INDEX  "unique_schema_migrations" ON "schema_migrations"  ("version")
  [1m[36mActiveRecord::SchemaMigration Load (0.7ms)[0m  [1mSELECT "schema_migrations".* FROM "schema_migrations"[0m
Migrating to CreatePins (20150713160823)
  [1m[35m (2.4ms)[0m  BEGIN
  [1m[36m (15.3ms)[0m  [1mCREATE TABLE "pins" ("id" serial primary key, "url" text, "comment" text, "image" character varying, "name" character varying, "created_at" timestamp NOT NULL, "updated_at" timestamp NOT NULL) [0m
  [1m[35mSQL (0.7ms)[0m  INSERT INTO "schema_migrations" ("version") VALUES ($1)  [["version", "20150713160823"]]
  [1m[36m (2.3ms)[0m  [1mCOMMIT[0m
  [1m[35mActiveRecord::SchemaMigration Load (0.4ms)[0m  SELECT "schema_migrations".* FROM "schema_migrations"
  [1m[36m (3.9ms)[0m  [1mSELECT t2.oid::regclass::text AS to_table, a1.attname AS column, a2.attname AS primary_key, c.conname AS name, c.confupdtype AS on_update, c.confdeltype AS on_delete
FROM pg_constraint c
JOIN pg_class t1 ON c.conrelid = t1.oid
JOIN pg_class t2 ON c.confrelid = t2.oid
JOIN pg_attribute a1 ON a1.attnum = c.conkey[1] AND a1.attrelid = t1.oid
JOIN pg_attribute a2 ON a2.attnum = c.confkey[1] AND a2.attrelid = t2.oid
JOIN pg_namespace t3 ON c.connamespace = t3.oid
WHERE c.contype = 'f'
  AND t1.relname = 'pins'
  AND t3.nspname = ANY (current_schemas(false))
ORDER BY c.conname
[0m
  [1m[36mPin Load (0.7ms)[0m  [1mSELECT  "pins".* FROM "pins" WHERE "pins"."id" = $1 LIMIT 1[0m  [["id", 1]]
  [1m[35m (0.2ms)[0m  BEGIN
  [1m[36m (0.4ms)[0m  [1mROLLBACK[0m
  [1m[35m (0.2ms)[0m  BEGIN
  [1m[36mSQL (1.1ms)[0m  [1mINSERT INTO "pins" ("name", "comment", "url", "created_at", "updated_at") VALUES ($1, $2, $3, $4, $5) RETURNING "id"[0m  [["name", "Bob"], ["comment", "foo"], ["url", "This is bad"], ["created_at", "2015-07-13 16:15:07.954183"], ["updated_at", "2015-07-13 16:15:07.954183"]]
  [1m[35m (2.5ms)[0m  COMMIT


Started GET "/" for ::1 at 2015-07-13 10:28:37 -0700
  [1m[36mActiveRecord::SchemaMigration Load (1.1ms)[0m  [1mSELECT "schema_migrations".* FROM "schema_migrations"[0m
Processing by PinsController#index as HTML
Completed 500 Internal Server Error in 16ms (ActiveRecord: 0.0ms)

NameError (uninitialized constant PinsController::Pins):
  app/controllers/pins_controller.rb:3:in `index'


  Rendered /Users/MadelineBagby/.rvm/gems/ruby-2.2.1/gems/actionpack-4.2.3/lib/action_dispatch/middleware/templates/rescues/_source.erb (8.1ms)
  Rendered /Users/MadelineBagby/.rvm/gems/ruby-2.2.1/gems/actionpack-4.2.3/lib/action_dispatch/middleware/templates/rescues/_trace.html.erb (4.0ms)
  Rendered /Users/MadelineBagby/.rvm/gems/ruby-2.2.1/gems/actionpack-4.2.3/lib/action_dispatch/middleware/templates/rescues/_request_and_response.html.erb (1.8ms)
  Rendered /Users/MadelineBagby/.rvm/gems/ruby-2.2.1/gems/actionpack-4.2.3/lib/action_dispatch/middleware/templates/rescues/diagnostics.html.erb within rescues/layout (103.9ms)
  Rendered /Users/MadelineBagby/.rvm/gems/ruby-2.2.1/gems/web-console-2.2.0/lib/web_console/templates/_markup.html.erb (0.7ms)
  Rendered /Users/MadelineBagby/.rvm/gems/ruby-2.2.1/gems/web-console-2.2.0/lib/web_console/templates/_inner_console_markup.html.erb within layouts/inlined_string (0.7ms)
  Rendered /Users/MadelineBagby/.rvm/gems/ruby-2.2.1/gems/web-console-2.2.0/lib/web_console/templates/_prompt_box_markup.html.erb within layouts/inlined_string (0.5ms)
  Rendered /Users/MadelineBagby/.rvm/gems/ruby-2.2.1/gems/web-console-2.2.0/lib/web_console/templates/style.css.erb within layouts/inlined_string (0.4ms)
  Rendered /Users/MadelineBagby/.rvm/gems/ruby-2.2.1/gems/web-console-2.2.0/lib/web_console/templates/console.js.erb within layouts/javascript (89.7ms)
  Rendered /Users/MadelineBagby/.rvm/gems/ruby-2.2.1/gems/web-console-2.2.0/lib/web_console/templates/main.js.erb within layouts/javascript (0.3ms)
  Rendered /Users/MadelineBagby/.rvm/gems/ruby-2.2.1/gems/web-console-2.2.0/lib/web_console/templates/error_page.js.erb within layouts/javascript (0.6ms)
  Rendered /Users/MadelineBagby/.rvm/gems/ruby-2.2.1/gems/web-console-2.2.0/lib/web_console/templates/index.html.erb (194.3ms)


Started GET "/new" for ::1 at 2015-07-13 10:28:47 -0700

ActionController::RoutingError (No route matches [GET] "/new"):
  actionpack (4.2.3) lib/action_dispatch/middleware/debug_exceptions.rb:21:in `call'
  web-console (2.2.0) lib/web_console/middleware.rb:37:in `call'
  actionpack (4.2.3) lib/action_dispatch/middleware/show_exceptions.rb:30:in `call'
  railties (4.2.3) lib/rails/rack/logger.rb:38:in `call_app'
  railties (4.2.3) lib/rails/rack/logger.rb:20:in `block in call'
  activesupport (4.2.3) lib/active_support/tagged_logging.rb:68:in `block in tagged'
  activesupport (4.2.3) lib/active_support/tagged_logging.rb:26:in `tagged'
  activesupport (4.2.3) lib/active_support/tagged_logging.rb:68:in `tagged'
  railties (4.2.3) lib/rails/rack/logger.rb:20:in `call'
  actionpack (4.2.3) lib/action_dispatch/middleware/request_id.rb:21:in `call'
  rack (1.6.4) lib/rack/methodoverride.rb:22:in `call'
  rack (1.6.4) lib/rack/runtime.rb:18:in `call'
  activesupport (4.2.3) lib/active_support/cache/strategy/local_cache_middleware.rb:28:in `call'
  rack (1.6.4) lib/rack/lock.rb:17:in `call'
  actionpack (4.2.3) lib/action_dispatch/middleware/static.rb:116:in `call'
  rack (1.6.4) lib/rack/sendfile.rb:113:in `call'
  railties (4.2.3) lib/rails/engine.rb:518:in `call'
  railties (4.2.3) lib/rails/application.rb:165:in `call'
  rack (1.6.4) lib/rack/lock.rb:17:in `call'
  rack (1.6.4) lib/rack/content_length.rb:15:in `call'
  rack (1.6.4) lib/rack/handler/webrick.rb:88:in `service'
  /Users/MadelineBagby/.rvm/rubies/ruby-2.2.1/lib/ruby/2.2.0/webrick/httpserver.rb:138:in `service'
  /Users/MadelineBagby/.rvm/rubies/ruby-2.2.1/lib/ruby/2.2.0/webrick/httpserver.rb:94:in `run'
  /Users/MadelineBagby/.rvm/rubies/ruby-2.2.1/lib/ruby/2.2.0/webrick/server.rb:294:in `block in start_thread'


  Rendered /Users/MadelineBagby/.rvm/gems/ruby-2.2.1/gems/actionpack-4.2.3/lib/action_dispatch/middleware/templates/rescues/_trace.html.erb (1.2ms)
  Rendered /Users/MadelineBagby/.rvm/gems/ruby-2.2.1/gems/actionpack-4.2.3/lib/action_dispatch/middleware/templates/routes/_route.html.erb (1.6ms)
  Rendered /Users/MadelineBagby/.rvm/gems/ruby-2.2.1/gems/actionpack-4.2.3/lib/action_dispatch/middleware/templates/routes/_table.html.erb (23.4ms)
  Rendered /Users/MadelineBagby/.rvm/gems/ruby-2.2.1/gems/actionpack-4.2.3/lib/action_dispatch/middleware/templates/rescues/_request_and_response.html.erb (1.4ms)
  Rendered /Users/MadelineBagby/.rvm/gems/ruby-2.2.1/gems/actionpack-4.2.3/lib/action_dispatch/middleware/templates/rescues/routing_error.html.erb within rescues/layout (113.4ms)
  Rendered /Users/MadelineBagby/.rvm/gems/ruby-2.2.1/gems/web-console-2.2.0/lib/web_console/templates/_markup.html.erb (0.3ms)
  Rendered /Users/MadelineBagby/.rvm/gems/ruby-2.2.1/gems/web-console-2.2.0/lib/web_console/templates/_inner_console_markup.html.erb within layouts/inlined_string (0.4ms)
  Rendered /Users/MadelineBagby/.rvm/gems/ruby-2.2.1/gems/web-console-2.2.0/lib/web_console/templates/_prompt_box_markup.html.erb within layouts/inlined_string (0.3ms)
  Rendered /Users/MadelineBagby/.rvm/gems/ruby-2.2.1/gems/web-console-2.2.0/lib/web_console/templates/style.css.erb within layouts/inlined_string (0.3ms)
  Rendered /Users/MadelineBagby/.rvm/gems/ruby-2.2.1/gems/web-console-2.2.0/lib/web_console/templates/console.js.erb within layouts/javascript (46.3ms)
  Rendered /Users/MadelineBagby/.rvm/gems/ruby-2.2.1/gems/web-console-2.2.0/lib/web_console/templates/main.js.erb within layouts/javascript (0.3ms)
  Rendered /Users/MadelineBagby/.rvm/gems/ruby-2.2.1/gems/web-console-2.2.0/lib/web_console/templates/error_page.js.erb within layouts/javascript (0.7ms)
  Rendered /Users/MadelineBagby/.rvm/gems/ruby-2.2.1/gems/web-console-2.2.0/lib/web_console/templates/index.html.erb (103.8ms)


Started GET "/pins" for ::1 at 2015-07-13 10:28:51 -0700
Processing by PinsController#index as HTML
Completed 500 Internal Server Error in 1ms (ActiveRecord: 0.0ms)

NameError (uninitialized constant PinsController::Pins):
  app/controllers/pins_controller.rb:3:in `index'


  Rendered /Users/MadelineBagby/.rvm/gems/ruby-2.2.1/gems/actionpack-4.2.3/lib/action_dispatch/middleware/templates/rescues/_source.erb (4.0ms)
  Rendered /Users/MadelineBagby/.rvm/gems/ruby-2.2.1/gems/actionpack-4.2.3/lib/action_dispatch/middleware/templates/rescues/_trace.html.erb (1.9ms)
  Rendered /Users/MadelineBagby/.rvm/gems/ruby-2.2.1/gems/actionpack-4.2.3/lib/action_dispatch/middleware/templates/rescues/_request_and_response.html.erb (1.1ms)
  Rendered /Users/MadelineBagby/.rvm/gems/ruby-2.2.1/gems/actionpack-4.2.3/lib/action_dispatch/middleware/templates/rescues/diagnostics.html.erb within rescues/layout (60.9ms)
  Rendered /Users/MadelineBagby/.rvm/gems/ruby-2.2.1/gems/web-console-2.2.0/lib/web_console/templates/_markup.html.erb (0.5ms)
  Rendered /Users/MadelineBagby/.rvm/gems/ruby-2.2.1/gems/web-console-2.2.0/lib/web_console/templates/_inner_console_markup.html.erb within layouts/inlined_string (0.5ms)
  Rendered /Users/MadelineBagby/.rvm/gems/ruby-2.2.1/gems/web-console-2.2.0/lib/web_console/templates/_prompt_box_markup.html.erb within layouts/inlined_string (0.5ms)
  Rendered /Users/MadelineBagby/.rvm/gems/ruby-2.2.1/gems/web-console-2.2.0/lib/web_console/templates/style.css.erb within layouts/inlined_string (0.3ms)
  Rendered /Users/MadelineBagby/.rvm/gems/ruby-2.2.1/gems/web-console-2.2.0/lib/web_console/templates/console.js.erb within layouts/javascript (50.6ms)
  Rendered /Users/MadelineBagby/.rvm/gems/ruby-2.2.1/gems/web-console-2.2.0/lib/web_console/templates/main.js.erb within layouts/javascript (0.4ms)
  Rendered /Users/MadelineBagby/.rvm/gems/ruby-2.2.1/gems/web-console-2.2.0/lib/web_console/templates/error_page.js.erb within layouts/javascript (0.4ms)
  Rendered /Users/MadelineBagby/.rvm/gems/ruby-2.2.1/gems/web-console-2.2.0/lib/web_console/templates/index.html.erb (116.2ms)


Started GET "/pins/new" for ::1 at 2015-07-13 10:28:54 -0700
Processing by PinsController#new as HTML
  Rendered pins/new.html.erb within layouts/application (1.7ms)
Completed 500 Internal Server Error in 24ms (ActiveRecord: 5.1ms)

SyntaxError (/Users/MadelineBagby/Desktop/gSchool/gpin/app/views/pins/new.html.erb:21: syntax error, unexpected keyword_ensure, expecting keyword_end
/Users/MadelineBagby/Desktop/gSchool/gpin/app/views/pins/new.html.erb:23: syntax error, unexpected end-of-input, expecting keyword_end):
  app/views/pins/new.html.erb:21: syntax error, unexpected keyword_ensure, expecting keyword_end
  app/views/pins/new.html.erb:23: syntax error, unexpected end-of-input, expecting keyword_end


  Rendered /Users/MadelineBagby/.rvm/gems/ruby-2.2.1/gems/actionpack-4.2.3/lib/action_dispatch/middleware/templates/rescues/_source.erb (11.4ms)
  Rendered /Users/MadelineBagby/.rvm/gems/ruby-2.2.1/gems/actionpack-4.2.3/lib/action_dispatch/middleware/templates/rescues/_trace.html.erb (2.7ms)
  Rendered /Users/MadelineBagby/.rvm/gems/ruby-2.2.1/gems/actionpack-4.2.3/lib/action_dispatch/middleware/templates/rescues/_request_and_response.html.erb (0.9ms)
  Rendered /Users/MadelineBagby/.rvm/gems/ruby-2.2.1/gems/actionpack-4.2.3/lib/action_dispatch/middleware/templates/rescues/diagnostics.html.erb within rescues/layout (85.0ms)
  Rendered /Users/MadelineBagby/.rvm/gems/ruby-2.2.1/gems/web-console-2.2.0/lib/web_console/templates/_markup.html.erb (0.4ms)
  Rendered /Users/MadelineBagby/.rvm/gems/ruby-2.2.1/gems/web-console-2.2.0/lib/web_console/templates/_inner_console_markup.html.erb within layouts/inlined_string (0.3ms)
  Rendered /Users/MadelineBagby/.rvm/gems/ruby-2.2.1/gems/web-console-2.2.0/lib/web_console/templates/_prompt_box_markup.html.erb within layouts/inlined_string (0.6ms)
  Rendered /Users/MadelineBagby/.rvm/gems/ruby-2.2.1/gems/web-console-2.2.0/lib/web_console/templates/style.css.erb within layouts/inlined_string (0.4ms)
  Rendered /Users/MadelineBagby/.rvm/gems/ruby-2.2.1/gems/web-console-2.2.0/lib/web_console/templates/console.js.erb within layouts/javascript (54.1ms)
  Rendered /Users/MadelineBagby/.rvm/gems/ruby-2.2.1/gems/web-console-2.2.0/lib/web_console/templates/main.js.erb within layouts/javascript (0.5ms)
  Rendered /Users/MadelineBagby/.rvm/gems/ruby-2.2.1/gems/web-console-2.2.0/lib/web_console/templates/error_page.js.erb within layouts/javascript (0.8ms)
  Rendered /Users/MadelineBagby/.rvm/gems/ruby-2.2.1/gems/web-console-2.2.0/lib/web_console/templates/index.html.erb (117.0ms)


Started GET "/" for ::1 at 2015-07-13 10:32:02 -0700
Processing by PinsController#index as HTML
  Rendered pins/index.html.erb within layouts/application (0.5ms)
Completed 200 OK in 2033ms (Views: 2030.4ms | ActiveRecord: 0.0ms)


Started GET "/" for ::1 at 2015-07-13 10:32:05 -0700
Processing by PinsController#index as HTML
  Rendered pins/index.html.erb within layouts/application (0.2ms)
Completed 200 OK in 39ms (Views: 38.5ms | ActiveRecord: 0.0ms)


Started GET "/assets/pins.self-e3b0c44298fc1c149afbf4c8996fb92427ae41e4649b934ca495991b7852b855.css?body=1" for ::1 at 2015-07-13 10:32:05 -0700


Started GET "/assets/pins.self-877aef30ae1b040ab8a3aba4e3e309a11d7f2612f44dde450b5c157aa5f95c05.js?body=1" for ::1 at 2015-07-13 10:32:05 -0700


Started GET "/pins/new" for ::1 at 2015-07-13 10:32:06 -0700
Processing by PinsController#new as HTML
  Rendered pins/new.html.erb within layouts/application (3.6ms)
Completed 500 Internal Server Error in 18ms (ActiveRecord: 3.1ms)

SyntaxError (/Users/MadelineBagby/Desktop/gSchool/gpin/app/views/pins/new.html.erb:21: syntax error, unexpected keyword_ensure, expecting keyword_end
/Users/MadelineBagby/Desktop/gSchool/gpin/app/views/pins/new.html.erb:23: syntax error, unexpected end-of-input, expecting keyword_end):
  app/views/pins/new.html.erb:21: syntax error, unexpected keyword_ensure, expecting keyword_end
  app/views/pins/new.html.erb:23: syntax error, unexpected end-of-input, expecting keyword_end


  Rendered /Users/MadelineBagby/.rvm/gems/ruby-2.2.1/gems/actionpack-4.2.3/lib/action_dispatch/middleware/templates/rescues/_source.erb (9.4ms)
  Rendered /Users/MadelineBagby/.rvm/gems/ruby-2.2.1/gems/actionpack-4.2.3/lib/action_dispatch/middleware/templates/rescues/_trace.html.erb (4.4ms)
  Rendered /Users/MadelineBagby/.rvm/gems/ruby-2.2.1/gems/actionpack-4.2.3/lib/action_dispatch/middleware/templates/rescues/_request_and_response.html.erb (2.0ms)
  Rendered /Users/MadelineBagby/.rvm/gems/ruby-2.2.1/gems/actionpack-4.2.3/lib/action_dispatch/middleware/templates/rescues/diagnostics.html.erb within rescues/layout (74.1ms)
  Rendered /Users/MadelineBagby/.rvm/gems/ruby-2.2.1/gems/web-console-2.2.0/lib/web_console/templates/_markup.html.erb (0.8ms)
  Rendered /Users/MadelineBagby/.rvm/gems/ruby-2.2.1/gems/web-console-2.2.0/lib/web_console/templates/_inner_console_markup.html.erb within layouts/inlined_string (0.6ms)
  Rendered /Users/MadelineBagby/.rvm/gems/ruby-2.2.1/gems/web-console-2.2.0/lib/web_console/templates/_prompt_box_markup.html.erb within layouts/inlined_string (0.4ms)
  Rendered /Users/MadelineBagby/.rvm/gems/ruby-2.2.1/gems/web-console-2.2.0/lib/web_console/templates/style.css.erb within layouts/inlined_string (0.4ms)
  Rendered /Users/MadelineBagby/.rvm/gems/ruby-2.2.1/gems/web-console-2.2.0/lib/web_console/templates/console.js.erb within layouts/javascript (64.8ms)
  Rendered /Users/MadelineBagby/.rvm/gems/ruby-2.2.1/gems/web-console-2.2.0/lib/web_console/templates/main.js.erb within layouts/javascript (0.8ms)
  Rendered /Users/MadelineBagby/.rvm/gems/ruby-2.2.1/gems/web-console-2.2.0/lib/web_console/templates/error_page.js.erb within layouts/javascript (0.5ms)
  Rendered /Users/MadelineBagby/.rvm/gems/ruby-2.2.1/gems/web-console-2.2.0/lib/web_console/templates/index.html.erb (141.8ms)


Started GET "/pins/new" for ::1 at 2015-07-13 10:32:07 -0700
Processing by PinsController#new as HTML
  Rendered pins/new.html.erb within layouts/application (2.5ms)
Completed 500 Internal Server Error in 8ms (ActiveRecord: 0.0ms)

SyntaxError (/Users/MadelineBagby/Desktop/gSchool/gpin/app/views/pins/new.html.erb:21: syntax error, unexpected keyword_ensure, expecting keyword_end
/Users/MadelineBagby/Desktop/gSchool/gpin/app/views/pins/new.html.erb:23: syntax error, unexpected end-of-input, expecting keyword_end):
  app/views/pins/new.html.erb:21: syntax error, unexpected keyword_ensure, expecting keyword_end
  app/views/pins/new.html.erb:23: syntax error, unexpected end-of-input, expecting keyword_end


  Rendered /Users/MadelineBagby/.rvm/gems/ruby-2.2.1/gems/actionpack-4.2.3/lib/action_dispatch/middleware/templates/rescues/_source.erb (7.9ms)
  Rendered /Users/MadelineBagby/.rvm/gems/ruby-2.2.1/gems/actionpack-4.2.3/lib/action_dispatch/middleware/templates/rescues/_trace.html.erb (2.6ms)
  Rendered /Users/MadelineBagby/.rvm/gems/ruby-2.2.1/gems/actionpack-4.2.3/lib/action_dispatch/middleware/templates/rescues/_request_and_response.html.erb (3.0ms)
  Rendered /Users/MadelineBagby/.rvm/gems/ruby-2.2.1/gems/actionpack-4.2.3/lib/action_dispatch/middleware/templates/rescues/diagnostics.html.erb within rescues/layout (83.7ms)
  Rendered /Users/MadelineBagby/.rvm/gems/ruby-2.2.1/gems/web-console-2.2.0/lib/web_console/templates/_markup.html.erb (0.5ms)
  Rendered /Users/MadelineBagby/.rvm/gems/ruby-2.2.1/gems/web-console-2.2.0/lib/web_console/templates/_inner_console_markup.html.erb within layouts/inlined_string (0.6ms)
  Rendered /Users/MadelineBagby/.rvm/gems/ruby-2.2.1/gems/web-console-2.2.0/lib/web_console/templates/_prompt_box_markup.html.erb within layouts/inlined_string (0.4ms)
  Rendered /Users/MadelineBagby/.rvm/gems/ruby-2.2.1/gems/web-console-2.2.0/lib/web_console/templates/style.css.erb within layouts/inlined_string (0.4ms)
  Rendered /Users/MadelineBagby/.rvm/gems/ruby-2.2.1/gems/web-console-2.2.0/lib/web_console/templates/console.js.erb within layouts/javascript (71.5ms)
  Rendered /Users/MadelineBagby/.rvm/gems/ruby-2.2.1/gems/web-console-2.2.0/lib/web_console/templates/main.js.erb within layouts/javascript (0.3ms)
  Rendered /Users/MadelineBagby/.rvm/gems/ruby-2.2.1/gems/web-console-2.2.0/lib/web_console/templates/error_page.js.erb within layouts/javascript (0.7ms)
  Rendered /Users/MadelineBagby/.rvm/gems/ruby-2.2.1/gems/web-console-2.2.0/lib/web_console/templates/index.html.erb (135.9ms)


Started GET "/pins/new" for ::1 at 2015-07-13 10:33:01 -0700
Processing by PinsController#new as HTML
  Rendered pins/new.html.erb within layouts/application (42.8ms)
Completed 200 OK in 90ms (Views: 89.2ms | ActiveRecord: 0.0ms)


Started POST "/pins" for ::1 at 2015-07-13 10:34:45 -0700
Processing by PinsController#create as HTML
  Parameters: {"utf8"=>"✓", "authenticity_token"=>"oeCg3NIwWx0rLdCdD3URRENCH3gJQb4Hj/JcQ7HhDpyfsY17kZaInwe8BAbfLp5f4AZjXX8j4UVXzSJ+erOgDQ==", "pin"=>{"name"=>"Bows & Ribbons", "url"=>"https://ribbonandbowsohmy.com/", "comment"=>"So Many Bows!", "image"=>"https://ribbonandbowsohmy.com/images/home/categories/chevronandgeos.jpg"}, "commit"=>"Create Pin"}
  [1m[35m (0.1ms)[0m  BEGIN
  [1m[36mSQL (0.7ms)[0m  [1mINSERT INTO "pins" ("name", "url", "image", "comment", "created_at", "updated_at") VALUES ($1, $2, $3, $4, $5, $6) RETURNING "id"[0m  [["name", "Bows & Ribbons"], ["url", "https://ribbonandbowsohmy.com/"], ["image", "https://ribbonandbowsohmy.com/images/home/categories/chevronandgeos.jpg"], ["comment", "So Many Bows!"], ["created_at", "2015-07-13 17:34:45.739526"], ["updated_at", "2015-07-13 17:34:45.739526"]]
  [1m[35m (2.2ms)[0m  COMMIT
  [1m[36m (0.2ms)[0m  [1mBEGIN[0m
  [1m[35m (0.1ms)[0m  COMMIT
Redirected to http://localhost:3000/pins
Completed 302 Found in 13ms (ActiveRecord: 3.4ms)


Started GET "/pins" for ::1 at 2015-07-13 10:34:45 -0700
Processing by PinsController#index as HTML
  Rendered pins/index.html.erb within layouts/application (0.2ms)
Completed 200 OK in 27ms (Views: 26.2ms | ActiveRecord: 0.0ms)


Started GET "/pins/new" for ::1 at 2015-07-13 10:35:02 -0700
Processing by PinsController#new as HTML
  Rendered pins/new.html.erb within layouts/application (3.3ms)
Completed 200 OK in 44ms (Views: 35.1ms | ActiveRecord: 2.7ms)


Started POST "/pins" for ::1 at 2015-07-13 10:35:18 -0700
Processing by PinsController#create as HTML
  Parameters: {"utf8"=>"✓", "authenticity_token"=>"BDv04pSMpIGRNLYjBN8gm0NTirMnDoh6n3ci+S9EJAw6atlF1yp3A72lYrjUhK+A4Bf2llFs1zhHSFzE5BaKnQ==", "pin"=>{"name"=>"Bows & Ribbons", "url"=>"https://ribbonandbowsohmy.com/", "comment"=>"So Many Bows!", "image"=>"https://ribbonandbowsohmy.com/images/home/categories/chevronandgeos.jpg"}, "commit"=>"Create Pin"}
  [1m[36m (0.2ms)[0m  [1mBEGIN[0m
  [1m[35mSQL (0.7ms)[0m  INSERT INTO "pins" ("name", "url", "image", "comment", "created_at", "updated_at") VALUES ($1, $2, $3, $4, $5, $6) RETURNING "id"  [["name", "Bows & Ribbons"], ["url", "https://ribbonandbowsohmy.com/"], ["image", "https://ribbonandbowsohmy.com/images/home/categories/chevronandgeos.jpg"], ["comment", "So Many Bows!"], ["created_at", "2015-07-13 17:35:18.751546"], ["updated_at", "2015-07-13 17:35:18.751546"]]
  [1m[36m (2.1ms)[0m  [1mCOMMIT[0m
  [1m[35m (0.1ms)[0m  BEGIN
  [1m[36m (0.1ms)[0m  [1mCOMMIT[0m
Redirected to http://localhost:3000/pins
Completed 302 Found in 8ms (ActiveRecord: 3.3ms)


Started GET "/pins" for ::1 at 2015-07-13 10:35:18 -0700
Processing by PinsController#index as HTML
  Rendered pins/index.html.erb within layouts/application (0.5ms)
Completed 200 OK in 31ms (Views: 30.5ms | ActiveRecord: 0.0ms)


Started GET "/pins" for ::1 at 2015-07-13 10:38:17 -0700
Processing by PinsController#index as HTML
  [1m[35mPin Load (0.7ms)[0m  SELECT "pins".* FROM "pins"
  Rendered pins/index.html.erb within layouts/application (3.1ms)
Completed 200 OK in 33ms (Views: 31.6ms | ActiveRecord: 0.7ms)


Started GET "/This%20is%20bad" for ::1 at 2015-07-13 10:38:17 -0700

ActionController::RoutingError (No route matches [GET] "/This%20is%20bad"):
  actionpack (4.2.3) lib/action_dispatch/middleware/debug_exceptions.rb:21:in `call'
  web-console (2.2.0) lib/web_console/middleware.rb:37:in `call'
  actionpack (4.2.3) lib/action_dispatch/middleware/show_exceptions.rb:30:in `call'
  railties (4.2.3) lib/rails/rack/logger.rb:38:in `call_app'
  railties (4.2.3) lib/rails/rack/logger.rb:20:in `block in call'
  activesupport (4.2.3) lib/active_support/tagged_logging.rb:68:in `block in tagged'
  activesupport (4.2.3) lib/active_support/tagged_logging.rb:26:in `tagged'
  activesupport (4.2.3) lib/active_support/tagged_logging.rb:68:in `tagged'
  railties (4.2.3) lib/rails/rack/logger.rb:20:in `call'
  actionpack (4.2.3) lib/action_dispatch/middleware/request_id.rb:21:in `call'
  rack (1.6.4) lib/rack/methodoverride.rb:22:in `call'
  rack (1.6.4) lib/rack/runtime.rb:18:in `call'
  activesupport (4.2.3) lib/active_support/cache/strategy/local_cache_middleware.rb:28:in `call'
  rack (1.6.4) lib/rack/lock.rb:17:in `call'
  actionpack (4.2.3) lib/action_dispatch/middleware/static.rb:116:in `call'
  rack (1.6.4) lib/rack/sendfile.rb:113:in `call'
  railties (4.2.3) lib/rails/engine.rb:518:in `call'
  railties (4.2.3) lib/rails/application.rb:165:in `call'
  rack (1.6.4) lib/rack/lock.rb:17:in `call'
  rack (1.6.4) lib/rack/content_length.rb:15:in `call'
  rack (1.6.4) lib/rack/handler/webrick.rb:88:in `service'
  /Users/MadelineBagby/.rvm/rubies/ruby-2.2.1/lib/ruby/2.2.0/webrick/httpserver.rb:138:in `service'
  /Users/MadelineBagby/.rvm/rubies/ruby-2.2.1/lib/ruby/2.2.0/webrick/httpserver.rb:94:in `run'
  /Users/MadelineBagby/.rvm/rubies/ruby-2.2.1/lib/ruby/2.2.0/webrick/server.rb:294:in `block in start_thread'


  Rendered /Users/MadelineBagby/.rvm/gems/ruby-2.2.1/gems/actionpack-4.2.3/lib/action_dispatch/middleware/templates/rescues/_trace.html.erb (1.1ms)
  Rendered /Users/MadelineBagby/.rvm/gems/ruby-2.2.1/gems/actionpack-4.2.3/lib/action_dispatch/middleware/templates/routes/_route.html.erb (1.8ms)
  Rendered /Users/MadelineBagby/.rvm/gems/ruby-2.2.1/gems/actionpack-4.2.3/lib/action_dispatch/middleware/templates/routes/_table.html.erb (1.3ms)
  Rendered /Users/MadelineBagby/.rvm/gems/ruby-2.2.1/gems/actionpack-4.2.3/lib/action_dispatch/middleware/templates/rescues/_request_and_response.html.erb (2.2ms)
  Rendered /Users/MadelineBagby/.rvm/gems/ruby-2.2.1/gems/actionpack-4.2.3/lib/action_dispatch/middleware/templates/rescues/routing_error.html.erb within rescues/layout (83.9ms)
  Rendered /Users/MadelineBagby/.rvm/gems/ruby-2.2.1/gems/web-console-2.2.0/lib/web_console/templates/_markup.html.erb (0.5ms)
  Rendered /Users/MadelineBagby/.rvm/gems/ruby-2.2.1/gems/web-console-2.2.0/lib/web_console/templates/_inner_console_markup.html.erb within layouts/inlined_string (0.5ms)
  Rendered /Users/MadelineBagby/.rvm/gems/ruby-2.2.1/gems/web-console-2.2.0/lib/web_console/templates/_prompt_box_markup.html.erb within layouts/inlined_string (0.3ms)
  Rendered /Users/MadelineBagby/.rvm/gems/ruby-2.2.1/gems/web-console-2.2.0/lib/web_console/templates/style.css.erb within layouts/inlined_string (0.3ms)
  Rendered /Users/MadelineBagby/.rvm/gems/ruby-2.2.1/gems/web-console-2.2.0/lib/web_console/templates/console.js.erb within layouts/javascript (56.9ms)
  Rendered /Users/MadelineBagby/.rvm/gems/ruby-2.2.1/gems/web-console-2.2.0/lib/web_console/templates/main.js.erb within layouts/javascript (0.3ms)
  Rendered /Users/MadelineBagby/.rvm/gems/ruby-2.2.1/gems/web-console-2.2.0/lib/web_console/templates/error_page.js.erb within layouts/javascript (0.5ms)
  Rendered /Users/MadelineBagby/.rvm/gems/ruby-2.2.1/gems/web-console-2.2.0/lib/web_console/templates/index.html.erb (127.6ms)


Started GET "/pins" for ::1 at 2015-07-13 10:38:31 -0700
Processing by PinsController#index as HTML
  [1m[36mPin Load (0.3ms)[0m  [1mSELECT "pins".* FROM "pins"[0m
  Rendered pins/index.html.erb within layouts/application (1.7ms)
Completed 200 OK in 33ms (Views: 32.5ms | ActiveRecord: 0.3ms)


Started GET "/pins" for ::1 at 2015-07-13 10:39:12 -0700
Processing by PinsController#index as HTML
  [1m[35mPin Load (0.5ms)[0m  SELECT "pins".* FROM "pins"
  Rendered pins/index.html.erb within layouts/application (2.2ms)
Completed 200 OK in 33ms (Views: 32.0ms | ActiveRecord: 0.5ms)


Started GET "/pins" for ::1 at 2015-07-13 10:39:22 -0700
Processing by PinsController#index as HTML
  [1m[36mPin Load (0.4ms)[0m  [1mSELECT "pins".* FROM "pins"[0m
  Rendered pins/index.html.erb within layouts/application (1.7ms)
Completed 200 OK in 37ms (Views: 35.8ms | ActiveRecord: 0.4ms)
